{
  "RSpec": {
    "coverage": {
      "/Users/apprentice/Desktop/DBC-YOLO-FLOW/app/helpers/application_helper.rb": [
        1,
        null
      ],
      "/Users/apprentice/Desktop/DBC-YOLO-FLOW/app/helpers/questions_helper.rb": [
        1,
        null
      ],
      "/Users/apprentice/Desktop/DBC-YOLO-FLOW/app/helpers/sessions_helper.rb": [
        1,
        null,
        1,
        0,
        null,
        null,
        1,
        0,
        null,
        null,
        null
      ],
      "/Users/apprentice/Desktop/DBC-YOLO-FLOW/app/helpers/tags_helper.rb": [
        1,
        null
      ],
      "/Users/apprentice/Desktop/DBC-YOLO-FLOW/app/helpers/users_helper.rb": [
        1,
        null
      ],
      "/Users/apprentice/Desktop/DBC-YOLO-FLOW/app/models/answer.rb": [
        1,
        1,
        1,
        1,
        null,
        null,
        1,
        1,
        1,
        1,
        null
      ],
      "/Users/apprentice/Desktop/DBC-YOLO-FLOW/app/models/tag.rb": [
        1,
        1,
        1,
        null,
        1,
        1,
        null
      ],
      "/Users/apprentice/Desktop/DBC-YOLO-FLOW/app/models/user.rb": [
        1,
        1,
        1,
        1,
        1,
        1,
        null,
        null,
        null,
        null,
        null,
        null,
        1,
        1,
        1,
        1,
        1,
        1,
        null
      ],
      "/Users/apprentice/Desktop/DBC-YOLO-FLOW/app/models/question.rb": [
        1,
        1,
        1,
        1,
        null,
        null,
        null,
        1,
        1,
        1,
        1,
        1,
        1,
        null
      ],
      "/Users/apprentice/Desktop/DBC-YOLO-FLOW/app/models/vote.rb": [
        1,
        1,
        1,
        1,
        1,
        null,
        1,
        1,
        null
      ],
      "/Users/apprentice/Desktop/DBC-YOLO-FLOW/app/models/comment.rb": [
        1,
        1,
        1,
        1,
        1,
        null,
        1,
        1,
        1,
        null
      ],
      "/Users/apprentice/Desktop/DBC-YOLO-FLOW/app/models/questions_tag.rb": [
        1,
        1,
        1,
        null
      ]
    },
    "timestamp": 1421364678
  }
}
